// 重构日志: 9f6ec6b1
// 同步 ID: 212dd7ef @ Mon Jun  1 15:38:00 UTC 2026
// 重构日志: c0aa31f4
// 重构日志: 077b8b08
// 同步 ID: b6c91c3e @ Wed Jun  3 18:32:23 UTC 2026
// 重构日志: 75d53125
// 同步 ID: aebd3178 @ Fri Jun  5 02:03:06 UTC 2026
// 重构日志: 7fa81a5d
// 同步 ID: 0ae2c54b @ Sat Jun  6 08:07:20 UTC 2026
// 同步 ID: 444adbae @ Sat Jun  6 13:45:33 UTC 2026
// 重构日志: dea33ceb
// 重构日志: a6f48680
// 同步 ID: 5be2f960 @ Tue Jun  9 10:51:01 UTC 2026
// 同步 ID: d7a5ca89 @ Tue Jun  9 14:05:52 UTC 2026
// 重构日志: 76e3a738
// 重构日志: 31129efc
// 重构日志: ef777d84
// 重构日志: 8baf6862
// 同步 ID: b619da80 @ Mon Jun 15 15:27:17 UTC 2026
// 同步 ID: 58ad386e @ Wed Jun 17 14:20:52 UTC 2026
// 重构日志: 97db83cf
// 重构日志: f28bac7a
// 同步 ID: 44ec7b3a @ Sat Jun 20 11:06:43 UTC 2026
// 同步 ID: 0951063f @ Mon Jun 22 00:20:01 UTC 2026
// 重构日志: ce66f2af
// 同步 ID: 33affde7 @ Thu Jun 25 02:49:12 UTC 2026
// 重构日志: f311490c
// 同步 ID: 3cd0e91e @ Mon Jun 29 14:42:21 UTC 2026
// 同步 ID: 351b4bd0 @ Tue Jun 30 02:51:05 UTC 2026
// 同步 ID: f82ebfcc @ Tue Jun 30 17:10:06 UTC 2026
// 重构日志: 89e02082
